<?xml version="1.0" encoding="UTF-8"?>
<testsuite xmlns:xsi="http://www.w3.org/2001/XMLSchema-instance" xsi:noNamespaceSchemaLocation="https://maven.apache.org/surefire/maven-surefire-plugin/xsd/surefire-test-report-3.0.xsd" version="3.0" name="TestSuite" time="11.526" tests="2" errors="0" skipped="0" failures="0">
  <properties>
    <property name="java.specification.version" value="21"/>
    <property name="sun.cpu.isalist" value="amd64"/>
    <property name="sun.jnu.encoding" value="Cp1252"/>
    <property name="java.class.path" value="C:\Users\amol.kumbhare\.m2\repository\org\apache\maven\surefire\surefire-shared-utils\3.1.0\surefire-shared-utils-3.1.0.jar;C:\Users\amol.kumbhare\.m2\repository\org\apache\maven\surefire\surefire-extensions-spi\3.1.0\surefire-extensions-spi-3.1.0.jar;C:\Users\amol.kumbhare\.m2\repository\org\apache\maven\surefire\surefire-api\3.1.0\surefire-api-3.1.0.jar;C:\Users\amol.kumbhare\.m2\repository\org\apache\maven\surefire\surefire-logger-api\3.1.0\surefire-logger-api-3.1.0.jar;C:\Users\amol.kumbhare\.m2\repository\org\apache\maven\surefire\surefire-booter\3.1.0\surefire-booter-3.1.0.jar;C:\Users\amol.kumbhare\Downloads\CarinaFrameworkAzureLatest14May-main1\CarinaFrameworkAzureLatest14May-main1\target\test-classes;C:\Users\amol.kumbhare\Downloads\CarinaFrameworkAzureLatest14May-main1\CarinaFrameworkAzureLatest14May-main1\target\classes;C:\Users\amol.kumbhare\.m2\repository\com\zebrunner\carina-core\1.2.10\carina-core-1.2.10.jar;C:\Users\amol.kumbhare\.m2\repository\com\zebrunner\carina-dataprovider\1.2.4\carina-dataprovider-1.2.4.jar;C:\Users\amol.kumbhare\.m2\repository\net\sf\opencsv\opencsv\1.7\opencsv-1.7.jar;C:\Users\amol.kumbhare\.m2\repository\org\apache\poi\poi-ooxml\4.1.2\poi-ooxml-4.1.2.jar;C:\Users\amol.kumbhare\.m2\repository\org\apache\poi\poi\4.1.2\poi-4.1.2.jar;C:\Users\amol.kumbhare\.m2\repository\org\apache\commons\commons-collections4\4.4\commons-collections4-4.4.jar;C:\Users\amol.kumbhare\.m2\repository\org\apache\commons\commons-math3\3.6.1\commons-math3-3.6.1.jar;C:\Users\amol.kumbhare\.m2\repository\com\zaxxer\SparseBitSet\1.2\SparseBitSet-1.2.jar;C:\Users\amol.kumbhare\.m2\repository\org\apache\poi\poi-ooxml-schemas\4.1.2\poi-ooxml-schemas-4.1.2.jar;C:\Users\amol.kumbhare\.m2\repository\org\apache\xmlbeans\xmlbeans\3.1.0\xmlbeans-3.1.0.jar;C:\Users\amol.kumbhare\.m2\repository\org\apache\commons\commons-compress\1.19\commons-compress-1.19.jar;C:\Users\amol.kumbhare\.m2\repository\com\github\virtuald\curvesapi\1.06\curvesapi-1.06.jar;C:\Users\amol.kumbhare\.m2\repository\com\zebrunner\carina-api\1.2.4\carina-api-1.2.4.jar;C:\Users\amol.kumbhare\.m2\repository\org\apache\httpcomponents\httpclient\4.5.13\httpclient-4.5.13.jar;C:\Users\amol.kumbhare\.m2\repository\org\apache\httpcomponents\httpcore\4.4.13\httpcore-4.4.13.jar;C:\Users\amol.kumbhare\.m2\repository\commons-logging\commons-logging\1.2\commons-logging-1.2.jar;C:\Users\amol.kumbhare\.m2\repository\commons-codec\commons-codec\1.11\commons-codec-1.11.jar;C:\Users\amol.kumbhare\.m2\repository\commons-io\commons-io\2.7\commons-io-2.7.jar;C:\Users\amol.kumbhare\.m2\repository\com\google\code\gson\gson\2.9.0\gson-2.9.0.jar;C:\Users\amol.kumbhare\.m2\repository\javax\xml\bind\jaxb-api\2.2.2\jaxb-api-2.2.2.jar;C:\Users\amol.kumbhare\.m2\repository\javax\xml\stream\stax-api\1.0-2\stax-api-1.0-2.jar;C:\Users\amol.kumbhare\.m2\repository\javax\activation\activation\1.1\activation-1.1.jar;C:\Users\amol.kumbhare\.m2\repository\com\fasterxml\jackson\core\jackson-core\2.14.1\jackson-core-2.14.1.jar;C:\Users\amol.kumbhare\.m2\repository\com\fasterxml\jackson\core\jackson-databind\2.14.1\jackson-databind-2.14.1.jar;C:\Users\amol.kumbhare\.m2\repository\com\fasterxml\jackson\core\jackson-annotations\2.14.1\jackson-annotations-2.14.1.jar;C:\Users\amol.kumbhare\.m2\repository\org\apache\commons\commons-configuration2\2.8.0\commons-configuration2-2.8.0.jar;C:\Users\amol.kumbhare\.m2\repository\org\apache\commons\commons-text\1.10.0\commons-text-1.10.0.jar;C:\Users\amol.kumbhare\.m2\repository\org\freemarker\freemarker\2.3.31\freemarker-2.3.31.jar;C:\Users\amol.kumbhare\.m2\repository\org\skyscreamer\jsonassert\1.5.0\jsonassert-1.5.0.jar;C:\Users\amol.kumbhare\.m2\repository\ognl\ognl\3.3.2\ognl-3.3.2.jar;C:\Users\amol.kumbhare\.m2\repository\org\javassist\javassist\3.28.0-GA\javassist-3.28.0-GA.jar;C:\Users\amol.kumbhare\.m2\repository\org\xmlunit\xmlunit-assertj3\2.8.2\xmlunit-assertj3-2.8.2.jar;C:\Users\amol.kumbhare\.m2\repository\org\xmlunit\xmlunit-core\2.8.2\xmlunit-core-2.8.2.jar;C:\Users\amol.kumbhare\.m2\repository\jakarta\xml\bind\jakarta.xml.bind-api\2.3.3\jakarta.xml.bind-api-2.3.3.jar;C:\Users\amol.kumbhare\.m2\repository\jakarta\activation\jakarta.activation-api\1.2.2\jakarta.activation-api-1.2.2.jar;C:\Users\amol.kumbhare\.m2\repository\org\assertj\assertj-core\3.18.1\assertj-core-3.18.1.jar;C:\Users\amol.kumbhare\.m2\repository\org\everit\json\org.everit.json.schema\1.5.1\org.everit.json.schema-1.5.1.jar;C:\Users\amol.kumbhare\.m2\repository\commons-validator\commons-validator\1.5.1\commons-validator-1.5.1.jar;C:\Users\amol.kumbhare\.m2\repository\commons-digester\commons-digester\1.8.1\commons-digester-1.8.1.jar;C:\Users\amol.kumbhare\.m2\repository\org\json\json\20160810\json-20160810.jar;C:\Users\amol.kumbhare\.m2\repository\com\jayway\jsonpath\json-path\2.5.0\json-path-2.5.0.jar;C:\Users\amol.kumbhare\.m2\repository\net\minidev\json-smart\2.3\json-smart-2.3.jar;C:\Users\amol.kumbhare\.m2\repository\net\minidev\accessors-smart\1.2\accessors-smart-1.2.jar;C:\Users\amol.kumbhare\.m2\repository\org\ow2\asm\asm\5.0.4\asm-5.0.4.jar;C:\Users\amol.kumbhare\.m2\repository\com\zebrunner\carina-aws-s3\1.2.5\carina-aws-s3-1.2.5.jar;C:\Users\amol.kumbhare\.m2\repository\com\amazonaws\aws-java-sdk-s3\1.12.429\aws-java-sdk-s3-1.12.429.jar;C:\Users\amol.kumbhare\.m2\repository\com\amazonaws\aws-java-sdk-core\1.12.429\aws-java-sdk-core-1.12.429.jar;C:\Users\amol.kumbhare\.m2\repository\software\amazon\ion\ion-java\1.0.2\ion-java-1.0.2.jar;C:\Users\amol.kumbhare\.m2\repository\com\fasterxml\jackson\dataformat\jackson-dataformat-cbor\2.12.6\jackson-dataformat-cbor-2.12.6.jar;C:\Users\amol.kumbhare\.m2\repository\com\zebrunner\carina-azure\1.2.5\carina-azure-1.2.5.jar;C:\Users\amol.kumbhare\.m2\repository\com\azure\azure-storage-blob\12.21.1\azure-storage-blob-12.21.1.jar;C:\Users\amol.kumbhare\.m2\repository\com\azure\azure-core\1.37.0\azure-core-1.37.0.jar;C:\Users\amol.kumbhare\.m2\repository\io\projectreactor\reactor-core\3.4.27\reactor-core-3.4.27.jar;C:\Users\amol.kumbhare\.m2\repository\com\azure\azure-core-http-netty\1.13.1\azure-core-http-netty-1.13.1.jar;C:\Users\amol.kumbhare\.m2\repository\io\netty\netty-handler\4.1.89.Final\netty-handler-4.1.89.Final.jar;C:\Users\amol.kumbhare\.m2\repository\io\netty\netty-handler-proxy\4.1.89.Final\netty-handler-proxy-4.1.89.Final.jar;C:\Users\amol.kumbhare\.m2\repository\io\netty\netty-codec\4.1.89.Final\netty-codec-4.1.89.Final.jar;C:\Users\amol.kumbhare\.m2\repository\io\netty\netty-codec-http2\4.1.89.Final\netty-codec-http2-4.1.89.Final.jar;C:\Users\amol.kumbhare\.m2\repository\io\netty\netty-transport-native-epoll\4.1.89.Final\netty-transport-native-epoll-4.1.89.Final-linux-x86_64.jar;C:\Users\amol.kumbhare\.m2\repository\io\netty\netty-transport-native-kqueue\4.1.89.Final\netty-transport-native-kqueue-4.1.89.Final-osx-x86_64.jar;C:\Users\amol.kumbhare\.m2\repository\io\netty\netty-tcnative-boringssl-static\2.0.56.Final\netty-tcnative-boringssl-static-2.0.56.Final.jar;C:\Users\amol.kumbhare\.m2\repository\io\netty\netty-tcnative-classes\2.0.56.Final\netty-tcnative-classes-2.0.56.Final.jar;C:\Users\amol.kumbhare\.m2\repository\io\netty\netty-tcnative-boringssl-static\2.0.56.Final\netty-tcnative-boringssl-static-2.0.56.Final-linux-x86_64.jar;C:\Users\amol.kumbhare\.m2\repository\io\netty\netty-tcnative-boringssl-static\2.0.56.Final\netty-tcnative-boringssl-static-2.0.56.Final-linux-aarch_64.jar;C:\Users\amol.kumbhare\.m2\repository\io\netty\netty-tcnative-boringssl-static\2.0.56.Final\netty-tcnative-boringssl-static-2.0.56.Final-osx-x86_64.jar;C:\Users\amol.kumbhare\.m2\repository\io\netty\netty-tcnative-boringssl-static\2.0.56.Final\netty-tcnative-boringssl-static-2.0.56.Final-osx-aarch_64.jar;C:\Users\amol.kumbhare\.m2\repository\io\netty\netty-tcnative-boringssl-static\2.0.56.Final\netty-tcnative-boringssl-static-2.0.56.Final-windows-x86_64.jar;C:\Users\amol.kumbhare\.m2\repository\io\projectreactor\netty\reactor-netty-http\1.0.28\reactor-netty-http-1.0.28.jar;C:\Users\amol.kumbhare\.m2\repository\io\netty\netty-resolver-dns\4.1.89.Final\netty-resolver-dns-4.1.89.Final.jar;C:\Users\amol.kumbhare\.m2\repository\io\netty\netty-codec-dns\4.1.89.Final\netty-codec-dns-4.1.89.Final.jar;C:\Users\amol.kumbhare\.m2\repository\io\netty\netty-resolver-dns-native-macos\4.1.89.Final\netty-resolver-dns-native-macos-4.1.89.Final-osx-x86_64.jar;C:\Users\amol.kumbhare\.m2\repository\io\netty\netty-resolver-dns-classes-macos\4.1.89.Final\netty-resolver-dns-classes-macos-4.1.89.Final.jar;C:\Users\amol.kumbhare\.m2\repository\io\projectreactor\netty\reactor-netty-core\1.0.28\reactor-netty-core-1.0.28.jar;C:\Users\amol.kumbhare\.m2\repository\com\azure\azure-storage-common\12.20.1\azure-storage-common-12.20.1.jar;C:\Users\amol.kumbhare\.m2\repository\com\azure\azure-storage-internal-avro\12.6.1\azure-storage-internal-avro-12.6.1.jar;C:\Users\amol.kumbhare\.m2\repository\com\fasterxml\jackson\dataformat\jackson-dataformat-xml\2.13.5\jackson-dataformat-xml-2.13.5.jar;C:\Users\amol.kumbhare\.m2\repository\org\codehaus\woodstox\stax2-api\4.2.1\stax2-api-4.2.1.jar;C:\Users\amol.kumbhare\.m2\repository\com\fasterxml\woodstox\woodstox-core\6.4.0\woodstox-core-6.4.0.jar;C:\Users\amol.kumbhare\.m2\repository\com\zebrunner\carina-appcenter\1.2.7\carina-appcenter-1.2.7.jar;C:\Users\amol.kumbhare\.m2\repository\com\squareup\okhttp3\okhttp\4.11.0\okhttp-4.11.0.jar;C:\Users\amol.kumbhare\.m2\repository\com\squareup\okio\okio\3.2.0\okio-3.2.0.jar;C:\Users\amol.kumbhare\.m2\repository\com\squareup\okio\okio-jvm\3.2.0\okio-jvm-3.2.0.jar;C:\Users\amol.kumbhare\.m2\repository\org\jetbrains\kotlin\kotlin-stdlib\1.6.20\kotlin-stdlib-1.6.20.jar;C:\Users\amol.kumbhare\.m2\repository\org\jetbrains\kotlin\kotlin-stdlib-common\1.6.20\kotlin-stdlib-common-1.6.20.jar;C:\Users\amol.kumbhare\.m2\repository\org\jetbrains\annotations\13.0\annotations-13.0.jar;C:\Users\amol.kumbhare\.m2\repository\org\jetbrains\kotlin\kotlin-stdlib-jdk8\1.6.20\kotlin-stdlib-jdk8-1.6.20.jar;C:\Users\amol.kumbhare\.m2\repository\org\jetbrains\kotlin\kotlin-stdlib-jdk7\1.6.20\kotlin-stdlib-jdk7-1.6.20.jar;C:\Users\amol.kumbhare\.m2\repository\com\google\code\findbugs\jsr305\3.0.2\jsr305-3.0.2.jar;C:\Users\amol.kumbhare\.m2\repository\org\slf4j\slf4j-api\1.7.30\slf4j-api-1.7.30.jar;C:\Users\amol.kumbhare\.m2\repository\org\apache\logging\log4j\log4j-api\2.17.1\log4j-api-2.17.1.jar;C:\Users\amol.kumbhare\.m2\repository\org\apache\logging\log4j\log4j-core\2.17.1\log4j-core-2.17.1.jar;C:\Users\amol.kumbhare\.m2\repository\net\bytebuddy\byte-buddy\1.12.18\byte-buddy-1.12.18.jar;C:\Users\amol.kumbhare\.m2\repository\org\mybatis\mybatis\3.5.6\mybatis-3.5.6.jar;C:\Users\amol.kumbhare\.m2\repository\org\postgresql\postgresql\42.5.3\postgresql-42.5.3.jar;C:\Users\amol.kumbhare\.m2\repository\org\checkerframework\checker-qual\3.5.0\checker-qual-3.5.0.jar;C:\Users\amol.kumbhare\.m2\repository\com\zebrunner\carina-cucumber\1.2.7\carina-cucumber-1.2.7.jar;C:\Users\amol.kumbhare\.m2\repository\com\google\guava\guava\32.1.2-jre\guava-32.1.2-jre.jar;C:\Users\amol.kumbhare\.m2\repository\com\google\guava\failureaccess\1.0.1\failureaccess-1.0.1.jar;C:\Users\amol.kumbhare\.m2\repository\com\google\guava\listenablefuture\9999.0-empty-to-avoid-conflict-with-guava\listenablefuture-9999.0-empty-to-avoid-conflict-with-guava.jar;C:\Users\amol.kumbhare\.m2\repository\com\google\errorprone\error_prone_annotations\2.18.0\error_prone_annotations-2.18.0.jar;C:\Users\amol.kumbhare\.m2\repository\com\google\j2objc\j2objc-annotations\2.8\j2objc-annotations-2.8.jar;C:\Users\amol.kumbhare\.m2\repository\net\masterthought\cucumber-reporting\5.7.8\cucumber-reporting-5.7.8.jar;C:\Users\amol.kumbhare\.m2\repository\com\fasterxml\jackson\datatype\jackson-datatype-jsr310\2.16.0\jackson-datatype-jsr310-2.16.0.jar;C:\Users\amol.kumbhare\.m2\repository\org\apache\velocity\velocity-engine-core\2.3\velocity-engine-core-2.3.jar;C:\Users\amol.kumbhare\.m2\repository\org\codehaus\plexus\plexus-utils\3.5.1\plexus-utils-3.5.1.jar;C:\Users\amol.kumbhare\.m2\repository\com\googlecode\owasp-java-html-sanitizer\owasp-java-html-sanitizer\20220608.1\owasp-java-html-sanitizer-20220608.1.jar;C:\Users\amol.kumbhare\.m2\repository\commons-configuration\commons-configuration\1.10\commons-configuration-1.10.jar;C:\Users\amol.kumbhare\.m2\repository\commons-lang\commons-lang\2.6\commons-lang-2.6.jar;C:\Users\amol.kumbhare\.m2\repository\io\cucumber\cucumber-java\6.8.1\cucumber-java-6.8.1.jar;C:\Users\amol.kumbhare\.m2\repository\org\apiguardian\apiguardian-api\1.1.0\apiguardian-api-1.1.0.jar;C:\Users\amol.kumbhare\.m2\repository\io\cucumber\cucumber-picocontainer\6.8.1\cucumber-picocontainer-6.8.1.jar;C:\Users\amol.kumbhare\.m2\repository\org\picocontainer\picocontainer\2.15\picocontainer-2.15.jar;C:\Users\amol.kumbhare\.m2\repository\info\cukes\cucumber-jvm-deps\1.0.5\cucumber-jvm-deps-1.0.5.jar;C:\Users\amol.kumbhare\.m2\repository\info\cukes\gherkin\2.12.2\gherkin-2.12.2.jar;C:\Users\amol.kumbhare\.m2\repository\io\cucumber\cucumber-junit\6.8.1\cucumber-junit-6.8.1.jar;C:\Users\amol.kumbhare\.m2\repository\junit\junit\4.13\junit-4.13.jar;C:\Users\amol.kumbhare\.m2\repository\io\cucumber\gherkin\15.0.2\gherkin-15.0.2.jar;C:\Users\amol.kumbhare\.m2\repository\io\cucumber\messages\13.2.1\messages-13.2.1.jar;C:\Users\amol.kumbhare\.m2\repository\tech\grasshopper\extentreports-cucumber6-adapter\2.1.0\extentreports-cucumber6-adapter-2.1.0.jar;C:\Users\amol.kumbhare\.m2\repository\com\aventstack\klov-reporter\5.0.1\klov-reporter-5.0.1.jar;C:\Users\amol.kumbhare\.m2\repository\org\mongodb\bson\3.3.0\bson-3.3.0.jar;C:\Users\amol.kumbhare\.m2\repository\org\mongodb\mongodb-driver\3.3.0\mongodb-driver-3.3.0.jar;C:\Users\amol.kumbhare\.m2\repository\org\mongodb\mongodb-driver-core\3.3.0\mongodb-driver-core-3.3.0.jar;C:\Users\amol.kumbhare\.m2\repository\com\aventstack\extentreports\5.0.4\extentreports-5.0.4.jar;C:\Users\amol.kumbhare\.m2\repository\io\reactivex\rxjava3\rxjava\3.0.4\rxjava-3.0.4.jar;C:\Users\amol.kumbhare\.m2\repository\org\reactivestreams\reactive-streams\1.0.3\reactive-streams-1.0.3.jar;C:\Users\amol.kumbhare\.m2\repository\io\cucumber\cucumber-core\6.8.1\cucumber-core-6.8.1.jar;C:\Users\amol.kumbhare\.m2\repository\io\cucumber\cucumber-gherkin\6.8.1\cucumber-gherkin-6.8.1.jar;C:\Users\amol.kumbhare\.m2\repository\io\cucumber\cucumber-gherkin-messages\6.8.1\cucumber-gherkin-messages-6.8.1.jar;C:\Users\amol.kumbhare\.m2\repository\io\cucumber\tag-expressions\3.0.0\tag-expressions-3.0.0.jar;C:\Users\amol.kumbhare\.m2\repository\io\cucumber\cucumber-expressions\10.3.0\cucumber-expressions-10.3.0.jar;C:\Users\amol.kumbhare\.m2\repository\io\cucumber\datatable\3.5.0\datatable-3.5.0.jar;C:\Users\amol.kumbhare\.m2\repository\io\cucumber\cucumber-plugin\6.8.1\cucumber-plugin-6.8.1.jar;C:\Users\amol.kumbhare\.m2\repository\io\cucumber\docstring\6.8.1\docstring-6.8.1.jar;C:\Users\amol.kumbhare\.m2\repository\io\cucumber\html-formatter\9.0.0\html-formatter-9.0.0.jar;C:\Users\amol.kumbhare\.m2\repository\io\cucumber\create-meta\2.0.2\create-meta-2.0.2.jar;C:\Users\amol.kumbhare\.m2\repository\io\cucumber\cucumber-testng\6.8.1\cucumber-testng-6.8.1.jar;C:\Users\amol.kumbhare\.m2\repository\tech\grasshopper\extent-pdf-report\2.12.0\extent-pdf-report-2.12.0.jar;C:\Users\amol.kumbhare\.m2\repository\tech\grasshopper\cucumber-pdf-report\2.14.0\cucumber-pdf-report-2.14.0.jar;C:\Users\amol.kumbhare\.m2\repository\org\knowm\xchart\xchart\3.8.0\xchart-3.8.0.jar;C:\Users\amol.kumbhare\.m2\repository\de\erichseifert\vectorgraphics2d\VectorGraphics2D\0.13\VectorGraphics2D-0.13.jar;C:\Users\amol.kumbhare\.m2\repository\de\rototor\pdfbox\graphics2d\0.30\graphics2d-0.30.jar;C:\Users\amol.kumbhare\.m2\repository\com\madgag\animated-gif-lib\1.4\animated-gif-lib-1.4.jar;C:\Users\amol.kumbhare\.m2\repository\org\yaml\snakeyaml\2.0\snakeyaml-2.0.jar;C:\Users\amol.kumbhare\.m2\repository\tech\grasshopper\table-layout\1.5.1\table-layout-1.5.1.jar;C:\Users\amol.kumbhare\.m2\repository\tech\grasshopper\rest-assured-cucumber-pdf-report\1.5.0\rest-assured-cucumber-pdf-report-1.5.0.jar;C:\Users\amol.kumbhare\.m2\repository\org\jsoup\jsoup\1.15.3\jsoup-1.15.3.jar;C:\Users\amol.kumbhare\.m2\repository\org\projectlombok\lombok\1.18.28\lombok-1.18.28.jar;C:\Users\amol.kumbhare\.m2\repository\io\rest-assured\rest-assured\5.4.0\rest-assured-5.4.0.jar;C:\Users\amol.kumbhare\.m2\repository\org\apache\groovy\groovy\4.0.16\groovy-4.0.16.jar;C:\Users\amol.kumbhare\.m2\repository\org\apache\groovy\groovy-xml\4.0.16\groovy-xml-4.0.16.jar;C:\Users\amol.kumbhare\.m2\repository\org\apache\httpcomponents\httpmime\4.5.13\httpmime-4.5.13.jar;C:\Users\amol.kumbhare\.m2\repository\org\hamcrest\hamcrest\2.2\hamcrest-2.2.jar;C:\Users\amol.kumbhare\.m2\repository\org\ccil\cowan\tagsoup\tagsoup\1.2.1\tagsoup-1.2.1.jar;C:\Users\amol.kumbhare\.m2\repository\io\rest-assured\json-schema-validator\5.1.1\json-schema-validator-5.1.1.jar;C:\Users\amol.kumbhare\.m2\repository\com\github\java-json-tools\json-schema-validator\2.2.14\json-schema-validator-2.2.14.jar;C:\Users\amol.kumbhare\.m2\repository\com\github\java-json-tools\jackson-coreutils-equivalence\1.0\jackson-coreutils-equivalence-1.0.jar;C:\Users\amol.kumbhare\.m2\repository\com\github\java-json-tools\jackson-coreutils\2.0\jackson-coreutils-2.0.jar;C:\Users\amol.kumbhare\.m2\repository\com\github\java-json-tools\msg-simple\1.2\msg-simple-1.2.jar;C:\Users\amol.kumbhare\.m2\repository\com\github\java-json-tools\btf\1.3\btf-1.3.jar;C:\Users\amol.kumbhare\.m2\repository\com\github\java-json-tools\json-schema-core\1.2.14\json-schema-core-1.2.14.jar;C:\Users\amol.kumbhare\.m2\repository\com\github\java-json-tools\uri-template\0.10\uri-template-0.10.jar;C:\Users\amol.kumbhare\.m2\repository\org\mozilla\rhino\1.7.7.2\rhino-1.7.7.2.jar;C:\Users\amol.kumbhare\.m2\repository\com\sun\mail\mailapi\1.6.2\mailapi-1.6.2.jar;C:\Users\amol.kumbhare\.m2\repository\com\googlecode\libphonenumber\libphonenumber\8.11.1\libphonenumber-8.11.1.jar;C:\Users\amol.kumbhare\.m2\repository\net\sf\jopt-simple\jopt-simple\5.0.4\jopt-simple-5.0.4.jar;C:\Users\amol.kumbhare\.m2\repository\mysql\mysql-connector-java\8.0.17\mysql-connector-java-8.0.17.jar;C:\Users\amol.kumbhare\.m2\repository\com\google\protobuf\protobuf-java\3.6.1\protobuf-java-3.6.1.jar;C:\Users\amol.kumbhare\.m2\repository\com\zebrunner\carina-utils\1.2.6\carina-utils-1.2.6.jar;C:\Users\amol.kumbhare\.m2\repository\com\zebrunner\carina-crypto\1.0.1\carina-crypto-1.0.1.jar;C:\Users\amol.kumbhare\.m2\repository\commons-cli\commons-cli\1.5.0\commons-cli-1.5.0.jar;C:\Users\amol.kumbhare\.m2\repository\org\apache\commons\commons-lang3\3.12.0\commons-lang3-3.12.0.jar;C:\Users\amol.kumbhare\.m2\repository\net\java\dev\jna\jna\5.13.0\jna-5.13.0.jar;C:\Users\amol.kumbhare\.m2\repository\com\zebrunner\agent-testng\1.9.8\agent-testng-1.9.8.jar;C:\Users\amol.kumbhare\.m2\repository\com\zebrunner\agent-core\1.9.8\agent-core-1.9.8.jar;C:\Users\amol.kumbhare\.m2\repository\com\konghq\unirest-java\3.13.10\unirest-java-3.13.10.jar;C:\Users\amol.kumbhare\.m2\repository\org\apache\httpcomponents\httpcore-nio\4.4.13\httpcore-nio-4.4.13.jar;C:\Users\amol.kumbhare\.m2\repository\org\apache\httpcomponents\httpasyncclient\4.1.5\httpasyncclient-4.1.5.jar;C:\Users\amol.kumbhare\.m2\repository\com\zebrunner\carina-commons\1.0.2\carina-commons-1.0.2.jar;C:\Users\amol.kumbhare\.m2\repository\com\zebrunner\carina-webdriver\1.2.11\carina-webdriver-1.2.11.jar;C:\Users\amol.kumbhare\.m2\repository\com\zebrunner\agent-testng-pluggable\1.9.8\agent-testng-pluggable-1.9.8.jar;C:\Users\amol.kumbhare\.m2\repository\org\seleniumhq\selenium\selenium-support\4.13.0\selenium-support-4.13.0.jar;C:\Users\amol.kumbhare\.m2\repository\com\google\auto\service\auto-service-annotations\1.1.1\auto-service-annotations-1.1.1.jar;C:\Users\amol.kumbhare\.m2\repository\org\seleniumhq\selenium\selenium-json\4.13.0\selenium-json-4.13.0.jar;C:\Users\amol.kumbhare\.m2\repository\org\seleniumhq\selenium\selenium-api\4.13.0\selenium-api-4.13.0.jar;C:\Users\amol.kumbhare\.m2\repository\org\seleniumhq\selenium\selenium-remote-driver\4.13.0\selenium-remote-driver-4.13.0.jar;C:\Users\amol.kumbhare\.m2\repository\io\netty\netty-buffer\4.1.96.Final\netty-buffer-4.1.96.Final.jar;C:\Users\amol.kumbhare\.m2\repository\io\netty\netty-codec-http\4.1.96.Final\netty-codec-http-4.1.96.Final.jar;C:\Users\amol.kumbhare\.m2\repository\io\netty\netty-common\4.1.96.Final\netty-common-4.1.96.Final.jar;C:\Users\amol.kumbhare\.m2\repository\io\netty\netty-transport-classes-epoll\4.1.96.Final\netty-transport-classes-epoll-4.1.96.Final.jar;C:\Users\amol.kumbhare\.m2\repository\io\netty\netty-transport-classes-kqueue\4.1.96.Final\netty-transport-classes-kqueue-4.1.96.Final.jar;C:\Users\amol.kumbhare\.m2\repository\io\netty\netty-transport-native-epoll\4.1.96.Final\netty-transport-native-epoll-4.1.96.Final.jar;C:\Users\amol.kumbhare\.m2\repository\io\netty\netty-transport-native-kqueue\4.1.96.Final\netty-transport-native-kqueue-4.1.96.Final.jar;C:\Users\amol.kumbhare\.m2\repository\io\netty\netty-transport-native-unix-common\4.1.96.Final\netty-transport-native-unix-common-4.1.96.Final.jar;C:\Users\amol.kumbhare\.m2\repository\io\netty\netty-transport\4.1.96.Final\netty-transport-4.1.96.Final.jar;C:\Users\amol.kumbhare\.m2\repository\io\netty\netty-resolver\4.1.96.Final\netty-resolver-4.1.96.Final.jar;C:\Users\amol.kumbhare\.m2\repository\io\opentelemetry\opentelemetry-api\1.28.0\opentelemetry-api-1.28.0.jar;C:\Users\amol.kumbhare\.m2\repository\io\opentelemetry\opentelemetry-context\1.28.0\opentelemetry-context-1.28.0.jar;C:\Users\amol.kumbhare\.m2\repository\io\opentelemetry\opentelemetry-exporter-logging\1.28.0\opentelemetry-exporter-logging-1.28.0.jar;C:\Users\amol.kumbhare\.m2\repository\io\opentelemetry\opentelemetry-sdk-metrics\1.28.0\opentelemetry-sdk-metrics-1.28.0.jar;C:\Users\amol.kumbhare\.m2\repository\io\opentelemetry\opentelemetry-extension-incubator\1.28.0-alpha\opentelemetry-extension-incubator-1.28.0-alpha.jar;C:\Users\amol.kumbhare\.m2\repository\io\opentelemetry\opentelemetry-sdk-logs\1.28.0\opentelemetry-sdk-logs-1.28.0.jar;C:\Users\amol.kumbhare\.m2\repository\io\opentelemetry\opentelemetry-sdk-common\1.28.0\opentelemetry-sdk-common-1.28.0.jar;C:\Users\amol.kumbhare\.m2\repository\io\opentelemetry\opentelemetry-sdk-extension-autoconfigure-spi\1.28.0\opentelemetry-sdk-extension-autoconfigure-spi-1.28.0.jar;C:\Users\amol.kumbhare\.m2\repository\io\opentelemetry\opentelemetry-sdk-extension-autoconfigure\1.28.0\opentelemetry-sdk-extension-autoconfigure-1.28.0.jar;C:\Users\amol.kumbhare\.m2\repository\io\opentelemetry\opentelemetry-api-events\1.28.0-alpha\opentelemetry-api-events-1.28.0-alpha.jar;C:\Users\amol.kumbhare\.m2\repository\io\opentelemetry\opentelemetry-sdk-trace\1.28.0\opentelemetry-sdk-trace-1.28.0.jar;C:\Users\amol.kumbhare\.m2\repository\io\opentelemetry\opentelemetry-sdk\1.28.0\opentelemetry-sdk-1.28.0.jar;C:\Users\amol.kumbhare\.m2\repository\io\opentelemetry\opentelemetry-semconv\1.28.0-alpha\opentelemetry-semconv-1.28.0-alpha.jar;C:\Users\amol.kumbhare\.m2\repository\org\asynchttpclient\async-http-client\2.12.3\async-http-client-2.12.3.jar;C:\Users\amol.kumbhare\.m2\repository\org\asynchttpclient\async-http-client-netty-utils\2.12.3\async-http-client-netty-utils-2.12.3.jar;C:\Users\amol.kumbhare\.m2\repository\io\netty\netty-codec-socks\4.1.60.Final\netty-codec-socks-4.1.60.Final.jar;C:\Users\amol.kumbhare\.m2\repository\com\typesafe\netty\netty-reactive-streams\2.0.4\netty-reactive-streams-2.0.4.jar;C:\Users\amol.kumbhare\.m2\repository\com\sun\activation\jakarta.activation\1.2.2\jakarta.activation-1.2.2.jar;C:\Users\amol.kumbhare\.m2\repository\org\seleniumhq\selenium\selenium-http\4.13.0\selenium-http-4.13.0.jar;C:\Users\amol.kumbhare\.m2\repository\dev\failsafe\failsafe\3.3.2\failsafe-3.3.2.jar;C:\Users\amol.kumbhare\.m2\repository\org\seleniumhq\selenium\selenium-manager\4.13.0\selenium-manager-4.13.0.jar;C:\Users\amol.kumbhare\.m2\repository\org\seleniumhq\selenium\selenium-os\4.13.0\selenium-os-4.13.0.jar;C:\Users\amol.kumbhare\.m2\repository\org\apache\commons\commons-exec\1.3\commons-exec-1.3.jar;C:\Users\amol.kumbhare\.m2\repository\org\seleniumhq\selenium\selenium-firefox-driver\4.13.0\selenium-firefox-driver-4.13.0.jar;C:\Users\amol.kumbhare\.m2\repository\org\seleniumhq\selenium\selenium-devtools-v85\4.13.0\selenium-devtools-v85-4.13.0.jar;C:\Users\amol.kumbhare\.m2\repository\org\seleniumhq\selenium\selenium-chrome-driver\4.13.0\selenium-chrome-driver-4.13.0.jar;C:\Users\amol.kumbhare\.m2\repository\org\seleniumhq\selenium\selenium-chromium-driver\4.13.0\selenium-chromium-driver-4.13.0.jar;C:\Users\amol.kumbhare\.m2\repository\org\seleniumhq\selenium\selenium-edge-driver\4.13.0\selenium-edge-driver-4.13.0.jar;C:\Users\amol.kumbhare\.m2\repository\org\seleniumhq\selenium\selenium-ie-driver\4.13.0\selenium-ie-driver-4.13.0.jar;C:\Users\amol.kumbhare\.m2\repository\org\seleniumhq\selenium\selenium-safari-driver\4.13.0\selenium-safari-driver-4.13.0.jar;C:\Users\amol.kumbhare\.m2\repository\io\appium\java-client\8.6.0\java-client-8.6.0.jar;C:\Users\amol.kumbhare\.m2\repository\com\github\kklisura\cdt\cdt-java-client\4.0.0\cdt-java-client-4.0.0.jar;C:\Users\amol.kumbhare\.m2\repository\javax\websocket\javax.websocket-api\1.1\javax.websocket-api-1.1.jar;C:\Users\amol.kumbhare\.m2\repository\org\glassfish\tyrus\tyrus-container-grizzly-client\1.13.1\tyrus-container-grizzly-client-1.13.1.jar;C:\Users\amol.kumbhare\.m2\repository\org\glassfish\grizzly\grizzly-framework\2.3.25\grizzly-framework-2.3.25.jar;C:\Users\amol.kumbhare\.m2\repository\org\glassfish\grizzly\grizzly-http-server\2.3.25\grizzly-http-server-2.3.25.jar;C:\Users\amol.kumbhare\.m2\repository\org\glassfish\grizzly\grizzly-http\2.3.25\grizzly-http-2.3.25.jar;C:\Users\amol.kumbhare\.m2\repository\org\glassfish\tyrus\tyrus-client\1.13.1\tyrus-client-1.13.1.jar;C:\Users\amol.kumbhare\.m2\repository\org\glassfish\tyrus\tyrus-core\1.13.1\tyrus-core-1.13.1.jar;C:\Users\amol.kumbhare\.m2\repository\org\glassfish\tyrus\tyrus-spi\1.13.1\tyrus-spi-1.13.1.jar;C:\Users\amol.kumbhare\.m2\repository\org\apache\pdfbox\pdfbox\2.0.28\pdfbox-2.0.28.jar;C:\Users\amol.kumbhare\.m2\repository\org\apache\pdfbox\fontbox\2.0.28\fontbox-2.0.28.jar;C:\Users\amol.kumbhare\.m2\repository\ru\yandex\qatools\ashot\ashot\1.5.4\ashot-1.5.4.jar;C:\Users\amol.kumbhare\.m2\repository\joda-time\joda-time\2.9.9\joda-time-2.9.9.jar;C:\Users\amol.kumbhare\.m2\repository\com\itextpdf\itextpdf\5.5.13.3\itextpdf-5.5.13.3.jar;C:\Users\amol.kumbhare\.m2\repository\org\reflections\reflections\0.10.2\reflections-0.10.2.jar;C:\Users\amol.kumbhare\.m2\repository\com\sun\jersey\jersey-core\1.19.4\jersey-core-1.19.4.jar;C:\Users\amol.kumbhare\.m2\repository\javax\ws\rs\jsr311-api\1.1.1\jsr311-api-1.1.1.jar;C:\Users\amol.kumbhare\.m2\repository\commons-collections\commons-collections\3.2.2\commons-collections-3.2.2.jar;C:\Users\amol.kumbhare\.m2\repository\org\hamcrest\hamcrest-core\1.3\hamcrest-core-1.3.jar;C:\Users\amol.kumbhare\.m2\repository\org\hamcrest\hamcrest-all\1.3\hamcrest-all-1.3.jar;C:\Users\amol.kumbhare\.m2\repository\org\imgscalr\imgscalr-lib\4.2\imgscalr-lib-4.2.jar;C:\Users\amol.kumbhare\.m2\repository\log4j\log4j\1.2.17\log4j-1.2.17.jar;C:\Users\amol.kumbhare\.m2\repository\org\testng\testng\7.10.2\testng-7.10.2.jar;C:\Users\amol.kumbhare\.m2\repository\com\beust\jcommander\1.82\jcommander-1.82.jar;C:\Users\amol.kumbhare\.m2\repository\org\webjars\jquery\3.7.1\jquery-3.7.1.jar;C:\Users\amol.kumbhare\.m2\repository\com\qaprosoft\carina-commons\8.0.1\carina-commons-8.0.1.jar;C:\Users\amol.kumbhare\.m2\repository\io\rest-assured\json-path\5.4.0\json-path-5.4.0.jar;C:\Users\amol.kumbhare\.m2\repository\org\apache\groovy\groovy-json\4.0.16\groovy-json-4.0.16.jar;C:\Users\amol.kumbhare\.m2\repository\io\rest-assured\xml-path\5.4.0\xml-path-5.4.0.jar;C:\Users\amol.kumbhare\.m2\repository\io\rest-assured\rest-assured-common\5.4.0\rest-assured-common-5.4.0.jar;C:\Users\amol.kumbhare\.m2\repository\org\apache\logging\log4j\log4j-slf4j-impl\2.17.1\log4j-slf4j-impl-2.17.1.jar;C:\Users\amol.kumbhare\.m2\repository\com\nordstrom\tools\testng-foundation\2.0.1\testng-foundation-2.0.1.jar;C:\Users\amol.kumbhare\.m2\repository\com\nordstrom\tools\java-utils\1.9.3\java-utils-1.9.3.jar;C:\Users\amol.kumbhare\.m2\repository\com\nordstrom\tools\settings\2.3.3\settings-2.3.3.jar;C:\Users\amol.kumbhare\.m2\repository\commons-beanutils\commons-beanutils\1.9.4\commons-beanutils-1.9.4.jar;C:\Users\amol.kumbhare\.m2\repository\org\apache\maven\surefire\surefire-testng\3.1.0\surefire-testng-3.1.0.jar;C:\Users\amol.kumbhare\.m2\repository\org\apache\maven\surefire\common-java5\3.1.0\common-java5-3.1.0.jar;C:\Users\amol.kumbhare\.m2\repository\org\apache\maven\surefire\surefire-grouper\3.1.0\surefire-grouper-3.1.0.jar;C:\Users\amol.kumbhare\.m2\repository\org\apache\maven\surefire\surefire-testng-utils\3.1.0\surefire-testng-utils-3.1.0.jar"/>
    <property name="java.vm.vendor" value="Oracle Corporation"/>
    <property name="sun.arch.data.model" value="64"/>
    <property name="user.variant" value=""/>
    <property name="java.vendor.url" value="https://java.oracle.com/"/>
    <property name="user.timezone" value="Asia/Calcutta"/>
    <property name="os.name" value="Windows 10"/>
    <property name="java.vm.specification.version" value="21"/>
    <property name="sun.java.launcher" value="SUN_STANDARD"/>
    <property name="user.country" value="IN"/>
    <property name="sun.boot.library.path" value="C:\Program Files\Java\jdk-21\bin"/>
    <property name="sun.java.command" value="org.apache.maven.surefire.booter.ForkedBooter C:\Users\amol.kumbhare\AppData\Local\Temp\surefire18380958307283828644 2024-05-21T22-18-16_716-jvmRun1 surefire-20240521221816938_1tmp surefire_0-20240521221816938_2tmp"/>
    <property name="jdk.debug" value="release"/>
    <property name="surefire.test.class.path" value="C:\Users\amol.kumbhare\Downloads\CarinaFrameworkAzureLatest14May-main1\CarinaFrameworkAzureLatest14May-main1\target\test-classes;C:\Users\amol.kumbhare\Downloads\CarinaFrameworkAzureLatest14May-main1\CarinaFrameworkAzureLatest14May-main1\target\classes;C:\Users\amol.kumbhare\.m2\repository\com\zebrunner\carina-core\1.2.10\carina-core-1.2.10.jar;C:\Users\amol.kumbhare\.m2\repository\com\zebrunner\carina-dataprovider\1.2.4\carina-dataprovider-1.2.4.jar;C:\Users\amol.kumbhare\.m2\repository\net\sf\opencsv\opencsv\1.7\opencsv-1.7.jar;C:\Users\amol.kumbhare\.m2\repository\org\apache\poi\poi-ooxml\4.1.2\poi-ooxml-4.1.2.jar;C:\Users\amol.kumbhare\.m2\repository\org\apache\poi\poi\4.1.2\poi-4.1.2.jar;C:\Users\amol.kumbhare\.m2\repository\org\apache\commons\commons-collections4\4.4\commons-collections4-4.4.jar;C:\Users\amol.kumbhare\.m2\repository\org\apache\commons\commons-math3\3.6.1\commons-math3-3.6.1.jar;C:\Users\amol.kumbhare\.m2\repository\com\zaxxer\SparseBitSet\1.2\SparseBitSet-1.2.jar;C:\Users\amol.kumbhare\.m2\repository\org\apache\poi\poi-ooxml-schemas\4.1.2\poi-ooxml-schemas-4.1.2.jar;C:\Users\amol.kumbhare\.m2\repository\org\apache\xmlbeans\xmlbeans\3.1.0\xmlbeans-3.1.0.jar;C:\Users\amol.kumbhare\.m2\repository\org\apache\commons\commons-compress\1.19\commons-compress-1.19.jar;C:\Users\amol.kumbhare\.m2\repository\com\github\virtuald\curvesapi\1.06\curvesapi-1.06.jar;C:\Users\amol.kumbhare\.m2\repository\com\zebrunner\carina-api\1.2.4\carina-api-1.2.4.jar;C:\Users\amol.kumbhare\.m2\repository\org\apache\httpcomponents\httpclient\4.5.13\httpclient-4.5.13.jar;C:\Users\amol.kumbhare\.m2\repository\org\apache\httpcomponents\httpcore\4.4.13\httpcore-4.4.13.jar;C:\Users\amol.kumbhare\.m2\repository\commons-logging\commons-logging\1.2\commons-logging-1.2.jar;C:\Users\amol.kumbhare\.m2\repository\commons-codec\commons-codec\1.11\commons-codec-1.11.jar;C:\Users\amol.kumbhare\.m2\repository\commons-io\commons-io\2.7\commons-io-2.7.jar;C:\Users\amol.kumbhare\.m2\repository\com\google\code\gson\gson\2.9.0\gson-2.9.0.jar;C:\Users\amol.kumbhare\.m2\repository\javax\xml\bind\jaxb-api\2.2.2\jaxb-api-2.2.2.jar;C:\Users\amol.kumbhare\.m2\repository\javax\xml\stream\stax-api\1.0-2\stax-api-1.0-2.jar;C:\Users\amol.kumbhare\.m2\repository\javax\activation\activation\1.1\activation-1.1.jar;C:\Users\amol.kumbhare\.m2\repository\com\fasterxml\jackson\core\jackson-core\2.14.1\jackson-core-2.14.1.jar;C:\Users\amol.kumbhare\.m2\repository\com\fasterxml\jackson\core\jackson-databind\2.14.1\jackson-databind-2.14.1.jar;C:\Users\amol.kumbhare\.m2\repository\com\fasterxml\jackson\core\jackson-annotations\2.14.1\jackson-annotations-2.14.1.jar;C:\Users\amol.kumbhare\.m2\repository\org\apache\commons\commons-configuration2\2.8.0\commons-configuration2-2.8.0.jar;C:\Users\amol.kumbhare\.m2\repository\org\apache\commons\commons-text\1.10.0\commons-text-1.10.0.jar;C:\Users\amol.kumbhare\.m2\repository\org\freemarker\freemarker\2.3.31\freemarker-2.3.31.jar;C:\Users\amol.kumbhare\.m2\repository\org\skyscreamer\jsonassert\1.5.0\jsonassert-1.5.0.jar;C:\Users\amol.kumbhare\.m2\repository\ognl\ognl\3.3.2\ognl-3.3.2.jar;C:\Users\amol.kumbhare\.m2\repository\org\javassist\javassist\3.28.0-GA\javassist-3.28.0-GA.jar;C:\Users\amol.kumbhare\.m2\repository\org\xmlunit\xmlunit-assertj3\2.8.2\xmlunit-assertj3-2.8.2.jar;C:\Users\amol.kumbhare\.m2\repository\org\xmlunit\xmlunit-core\2.8.2\xmlunit-core-2.8.2.jar;C:\Users\amol.kumbhare\.m2\repository\jakarta\xml\bind\jakarta.xml.bind-api\2.3.3\jakarta.xml.bind-api-2.3.3.jar;C:\Users\amol.kumbhare\.m2\repository\jakarta\activation\jakarta.activation-api\1.2.2\jakarta.activation-api-1.2.2.jar;C:\Users\amol.kumbhare\.m2\repository\org\assertj\assertj-core\3.18.1\assertj-core-3.18.1.jar;C:\Users\amol.kumbhare\.m2\repository\org\everit\json\org.everit.json.schema\1.5.1\org.everit.json.schema-1.5.1.jar;C:\Users\amol.kumbhare\.m2\repository\commons-validator\commons-validator\1.5.1\commons-validator-1.5.1.jar;C:\Users\amol.kumbhare\.m2\repository\commons-digester\commons-digester\1.8.1\commons-digester-1.8.1.jar;C:\Users\amol.kumbhare\.m2\repository\org\json\json\20160810\json-20160810.jar;C:\Users\amol.kumbhare\.m2\repository\com\jayway\jsonpath\json-path\2.5.0\json-path-2.5.0.jar;C:\Users\amol.kumbhare\.m2\repository\net\minidev\json-smart\2.3\json-smart-2.3.jar;C:\Users\amol.kumbhare\.m2\repository\net\minidev\accessors-smart\1.2\accessors-smart-1.2.jar;C:\Users\amol.kumbhare\.m2\repository\org\ow2\asm\asm\5.0.4\asm-5.0.4.jar;C:\Users\amol.kumbhare\.m2\repository\com\zebrunner\carina-aws-s3\1.2.5\carina-aws-s3-1.2.5.jar;C:\Users\amol.kumbhare\.m2\repository\com\amazonaws\aws-java-sdk-s3\1.12.429\aws-java-sdk-s3-1.12.429.jar;C:\Users\amol.kumbhare\.m2\repository\com\amazonaws\aws-java-sdk-core\1.12.429\aws-java-sdk-core-1.12.429.jar;C:\Users\amol.kumbhare\.m2\repository\software\amazon\ion\ion-java\1.0.2\ion-java-1.0.2.jar;C:\Users\amol.kumbhare\.m2\repository\com\fasterxml\jackson\dataformat\jackson-dataformat-cbor\2.12.6\jackson-dataformat-cbor-2.12.6.jar;C:\Users\amol.kumbhare\.m2\repository\com\zebrunner\carina-azure\1.2.5\carina-azure-1.2.5.jar;C:\Users\amol.kumbhare\.m2\repository\com\azure\azure-storage-blob\12.21.1\azure-storage-blob-12.21.1.jar;C:\Users\amol.kumbhare\.m2\repository\com\azure\azure-core\1.37.0\azure-core-1.37.0.jar;C:\Users\amol.kumbhare\.m2\repository\io\projectreactor\reactor-core\3.4.27\reactor-core-3.4.27.jar;C:\Users\amol.kumbhare\.m2\repository\com\azure\azure-core-http-netty\1.13.1\azure-core-http-netty-1.13.1.jar;C:\Users\amol.kumbhare\.m2\repository\io\netty\netty-handler\4.1.89.Final\netty-handler-4.1.89.Final.jar;C:\Users\amol.kumbhare\.m2\repository\io\netty\netty-handler-proxy\4.1.89.Final\netty-handler-proxy-4.1.89.Final.jar;C:\Users\amol.kumbhare\.m2\repository\io\netty\netty-codec\4.1.89.Final\netty-codec-4.1.89.Final.jar;C:\Users\amol.kumbhare\.m2\repository\io\netty\netty-codec-http2\4.1.89.Final\netty-codec-http2-4.1.89.Final.jar;C:\Users\amol.kumbhare\.m2\repository\io\netty\netty-transport-native-epoll\4.1.89.Final\netty-transport-native-epoll-4.1.89.Final-linux-x86_64.jar;C:\Users\amol.kumbhare\.m2\repository\io\netty\netty-transport-native-kqueue\4.1.89.Final\netty-transport-native-kqueue-4.1.89.Final-osx-x86_64.jar;C:\Users\amol.kumbhare\.m2\repository\io\netty\netty-tcnative-boringssl-static\2.0.56.Final\netty-tcnative-boringssl-static-2.0.56.Final.jar;C:\Users\amol.kumbhare\.m2\repository\io\netty\netty-tcnative-classes\2.0.56.Final\netty-tcnative-classes-2.0.56.Final.jar;C:\Users\amol.kumbhare\.m2\repository\io\netty\netty-tcnative-boringssl-static\2.0.56.Final\netty-tcnative-boringssl-static-2.0.56.Final-linux-x86_64.jar;C:\Users\amol.kumbhare\.m2\repository\io\netty\netty-tcnative-boringssl-static\2.0.56.Final\netty-tcnative-boringssl-static-2.0.56.Final-linux-aarch_64.jar;C:\Users\amol.kumbhare\.m2\repository\io\netty\netty-tcnative-boringssl-static\2.0.56.Final\netty-tcnative-boringssl-static-2.0.56.Final-osx-x86_64.jar;C:\Users\amol.kumbhare\.m2\repository\io\netty\netty-tcnative-boringssl-static\2.0.56.Final\netty-tcnative-boringssl-static-2.0.56.Final-osx-aarch_64.jar;C:\Users\amol.kumbhare\.m2\repository\io\netty\netty-tcnative-boringssl-static\2.0.56.Final\netty-tcnative-boringssl-static-2.0.56.Final-windows-x86_64.jar;C:\Users\amol.kumbhare\.m2\repository\io\projectreactor\netty\reactor-netty-http\1.0.28\reactor-netty-http-1.0.28.jar;C:\Users\amol.kumbhare\.m2\repository\io\netty\netty-resolver-dns\4.1.89.Final\netty-resolver-dns-4.1.89.Final.jar;C:\Users\amol.kumbhare\.m2\repository\io\netty\netty-codec-dns\4.1.89.Final\netty-codec-dns-4.1.89.Final.jar;C:\Users\amol.kumbhare\.m2\repository\io\netty\netty-resolver-dns-native-macos\4.1.89.Final\netty-resolver-dns-native-macos-4.1.89.Final-osx-x86_64.jar;C:\Users\amol.kumbhare\.m2\repository\io\netty\netty-resolver-dns-classes-macos\4.1.89.Final\netty-resolver-dns-classes-macos-4.1.89.Final.jar;C:\Users\amol.kumbhare\.m2\repository\io\projectreactor\netty\reactor-netty-core\1.0.28\reactor-netty-core-1.0.28.jar;C:\Users\amol.kumbhare\.m2\repository\com\azure\azure-storage-common\12.20.1\azure-storage-common-12.20.1.jar;C:\Users\amol.kumbhare\.m2\repository\com\azure\azure-storage-internal-avro\12.6.1\azure-storage-internal-avro-12.6.1.jar;C:\Users\amol.kumbhare\.m2\repository\com\fasterxml\jackson\dataformat\jackson-dataformat-xml\2.13.5\jackson-dataformat-xml-2.13.5.jar;C:\Users\amol.kumbhare\.m2\repository\org\codehaus\woodstox\stax2-api\4.2.1\stax2-api-4.2.1.jar;C:\Users\amol.kumbhare\.m2\repository\com\fasterxml\woodstox\woodstox-core\6.4.0\woodstox-core-6.4.0.jar;C:\Users\amol.kumbhare\.m2\repository\com\zebrunner\carina-appcenter\1.2.7\carina-appcenter-1.2.7.jar;C:\Users\amol.kumbhare\.m2\repository\com\squareup\okhttp3\okhttp\4.11.0\okhttp-4.11.0.jar;C:\Users\amol.kumbhare\.m2\repository\com\squareup\okio\okio\3.2.0\okio-3.2.0.jar;C:\Users\amol.kumbhare\.m2\repository\com\squareup\okio\okio-jvm\3.2.0\okio-jvm-3.2.0.jar;C:\Users\amol.kumbhare\.m2\repository\org\jetbrains\kotlin\kotlin-stdlib\1.6.20\kotlin-stdlib-1.6.20.jar;C:\Users\amol.kumbhare\.m2\repository\org\jetbrains\kotlin\kotlin-stdlib-common\1.6.20\kotlin-stdlib-common-1.6.20.jar;C:\Users\amol.kumbhare\.m2\repository\org\jetbrains\annotations\13.0\annotations-13.0.jar;C:\Users\amol.kumbhare\.m2\repository\org\jetbrains\kotlin\kotlin-stdlib-jdk8\1.6.20\kotlin-stdlib-jdk8-1.6.20.jar;C:\Users\amol.kumbhare\.m2\repository\org\jetbrains\kotlin\kotlin-stdlib-jdk7\1.6.20\kotlin-stdlib-jdk7-1.6.20.jar;C:\Users\amol.kumbhare\.m2\repository\com\google\code\findbugs\jsr305\3.0.2\jsr305-3.0.2.jar;C:\Users\amol.kumbhare\.m2\repository\org\slf4j\slf4j-api\1.7.30\slf4j-api-1.7.30.jar;C:\Users\amol.kumbhare\.m2\repository\org\apache\logging\log4j\log4j-api\2.17.1\log4j-api-2.17.1.jar;C:\Users\amol.kumbhare\.m2\repository\org\apache\logging\log4j\log4j-core\2.17.1\log4j-core-2.17.1.jar;C:\Users\amol.kumbhare\.m2\repository\net\bytebuddy\byte-buddy\1.12.18\byte-buddy-1.12.18.jar;C:\Users\amol.kumbhare\.m2\repository\org\mybatis\mybatis\3.5.6\mybatis-3.5.6.jar;C:\Users\amol.kumbhare\.m2\repository\org\postgresql\postgresql\42.5.3\postgresql-42.5.3.jar;C:\Users\amol.kumbhare\.m2\repository\org\checkerframework\checker-qual\3.5.0\checker-qual-3.5.0.jar;C:\Users\amol.kumbhare\.m2\repository\com\zebrunner\carina-cucumber\1.2.7\carina-cucumber-1.2.7.jar;C:\Users\amol.kumbhare\.m2\repository\com\google\guava\guava\32.1.2-jre\guava-32.1.2-jre.jar;C:\Users\amol.kumbhare\.m2\repository\com\google\guava\failureaccess\1.0.1\failureaccess-1.0.1.jar;C:\Users\amol.kumbhare\.m2\repository\com\google\guava\listenablefuture\9999.0-empty-to-avoid-conflict-with-guava\listenablefuture-9999.0-empty-to-avoid-conflict-with-guava.jar;C:\Users\amol.kumbhare\.m2\repository\com\google\errorprone\error_prone_annotations\2.18.0\error_prone_annotations-2.18.0.jar;C:\Users\amol.kumbhare\.m2\repository\com\google\j2objc\j2objc-annotations\2.8\j2objc-annotations-2.8.jar;C:\Users\amol.kumbhare\.m2\repository\net\masterthought\cucumber-reporting\5.7.8\cucumber-reporting-5.7.8.jar;C:\Users\amol.kumbhare\.m2\repository\com\fasterxml\jackson\datatype\jackson-datatype-jsr310\2.16.0\jackson-datatype-jsr310-2.16.0.jar;C:\Users\amol.kumbhare\.m2\repository\org\apache\velocity\velocity-engine-core\2.3\velocity-engine-core-2.3.jar;C:\Users\amol.kumbhare\.m2\repository\org\codehaus\plexus\plexus-utils\3.5.1\plexus-utils-3.5.1.jar;C:\Users\amol.kumbhare\.m2\repository\com\googlecode\owasp-java-html-sanitizer\owasp-java-html-sanitizer\20220608.1\owasp-java-html-sanitizer-20220608.1.jar;C:\Users\amol.kumbhare\.m2\repository\commons-configuration\commons-configuration\1.10\commons-configuration-1.10.jar;C:\Users\amol.kumbhare\.m2\repository\commons-lang\commons-lang\2.6\commons-lang-2.6.jar;C:\Users\amol.kumbhare\.m2\repository\io\cucumber\cucumber-java\6.8.1\cucumber-java-6.8.1.jar;C:\Users\amol.kumbhare\.m2\repository\org\apiguardian\apiguardian-api\1.1.0\apiguardian-api-1.1.0.jar;C:\Users\amol.kumbhare\.m2\repository\io\cucumber\cucumber-picocontainer\6.8.1\cucumber-picocontainer-6.8.1.jar;C:\Users\amol.kumbhare\.m2\repository\org\picocontainer\picocontainer\2.15\picocontainer-2.15.jar;C:\Users\amol.kumbhare\.m2\repository\info\cukes\cucumber-jvm-deps\1.0.5\cucumber-jvm-deps-1.0.5.jar;C:\Users\amol.kumbhare\.m2\repository\info\cukes\gherkin\2.12.2\gherkin-2.12.2.jar;C:\Users\amol.kumbhare\.m2\repository\io\cucumber\cucumber-junit\6.8.1\cucumber-junit-6.8.1.jar;C:\Users\amol.kumbhare\.m2\repository\junit\junit\4.13\junit-4.13.jar;C:\Users\amol.kumbhare\.m2\repository\io\cucumber\gherkin\15.0.2\gherkin-15.0.2.jar;C:\Users\amol.kumbhare\.m2\repository\io\cucumber\messages\13.2.1\messages-13.2.1.jar;C:\Users\amol.kumbhare\.m2\repository\tech\grasshopper\extentreports-cucumber6-adapter\2.1.0\extentreports-cucumber6-adapter-2.1.0.jar;C:\Users\amol.kumbhare\.m2\repository\com\aventstack\klov-reporter\5.0.1\klov-reporter-5.0.1.jar;C:\Users\amol.kumbhare\.m2\repository\org\mongodb\bson\3.3.0\bson-3.3.0.jar;C:\Users\amol.kumbhare\.m2\repository\org\mongodb\mongodb-driver\3.3.0\mongodb-driver-3.3.0.jar;C:\Users\amol.kumbhare\.m2\repository\org\mongodb\mongodb-driver-core\3.3.0\mongodb-driver-core-3.3.0.jar;C:\Users\amol.kumbhare\.m2\repository\com\aventstack\extentreports\5.0.4\extentreports-5.0.4.jar;C:\Users\amol.kumbhare\.m2\repository\io\reactivex\rxjava3\rxjava\3.0.4\rxjava-3.0.4.jar;C:\Users\amol.kumbhare\.m2\repository\org\reactivestreams\reactive-streams\1.0.3\reactive-streams-1.0.3.jar;C:\Users\amol.kumbhare\.m2\repository\io\cucumber\cucumber-core\6.8.1\cucumber-core-6.8.1.jar;C:\Users\amol.kumbhare\.m2\repository\io\cucumber\cucumber-gherkin\6.8.1\cucumber-gherkin-6.8.1.jar;C:\Users\amol.kumbhare\.m2\repository\io\cucumber\cucumber-gherkin-messages\6.8.1\cucumber-gherkin-messages-6.8.1.jar;C:\Users\amol.kumbhare\.m2\repository\io\cucumber\tag-expressions\3.0.0\tag-expressions-3.0.0.jar;C:\Users\amol.kumbhare\.m2\repository\io\cucumber\cucumber-expressions\10.3.0\cucumber-expressions-10.3.0.jar;C:\Users\amol.kumbhare\.m2\repository\io\cucumber\datatable\3.5.0\datatable-3.5.0.jar;C:\Users\amol.kumbhare\.m2\repository\io\cucumber\cucumber-plugin\6.8.1\cucumber-plugin-6.8.1.jar;C:\Users\amol.kumbhare\.m2\repository\io\cucumber\docstring\6.8.1\docstring-6.8.1.jar;C:\Users\amol.kumbhare\.m2\repository\io\cucumber\html-formatter\9.0.0\html-formatter-9.0.0.jar;C:\Users\amol.kumbhare\.m2\repository\io\cucumber\create-meta\2.0.2\create-meta-2.0.2.jar;C:\Users\amol.kumbhare\.m2\repository\io\cucumber\cucumber-testng\6.8.1\cucumber-testng-6.8.1.jar;C:\Users\amol.kumbhare\.m2\repository\tech\grasshopper\extent-pdf-report\2.12.0\extent-pdf-report-2.12.0.jar;C:\Users\amol.kumbhare\.m2\repository\tech\grasshopper\cucumber-pdf-report\2.14.0\cucumber-pdf-report-2.14.0.jar;C:\Users\amol.kumbhare\.m2\repository\org\knowm\xchart\xchart\3.8.0\xchart-3.8.0.jar;C:\Users\amol.kumbhare\.m2\repository\de\erichseifert\vectorgraphics2d\VectorGraphics2D\0.13\VectorGraphics2D-0.13.jar;C:\Users\amol.kumbhare\.m2\repository\de\rototor\pdfbox\graphics2d\0.30\graphics2d-0.30.jar;C:\Users\amol.kumbhare\.m2\repository\com\madgag\animated-gif-lib\1.4\animated-gif-lib-1.4.jar;C:\Users\amol.kumbhare\.m2\repository\org\yaml\snakeyaml\2.0\snakeyaml-2.0.jar;C:\Users\amol.kumbhare\.m2\repository\tech\grasshopper\table-layout\1.5.1\table-layout-1.5.1.jar;C:\Users\amol.kumbhare\.m2\repository\tech\grasshopper\rest-assured-cucumber-pdf-report\1.5.0\rest-assured-cucumber-pdf-report-1.5.0.jar;C:\Users\amol.kumbhare\.m2\repository\org\jsoup\jsoup\1.15.3\jsoup-1.15.3.jar;C:\Users\amol.kumbhare\.m2\repository\org\projectlombok\lombok\1.18.28\lombok-1.18.28.jar;C:\Users\amol.kumbhare\.m2\repository\io\rest-assured\rest-assured\5.4.0\rest-assured-5.4.0.jar;C:\Users\amol.kumbhare\.m2\repository\org\apache\groovy\groovy\4.0.16\groovy-4.0.16.jar;C:\Users\amol.kumbhare\.m2\repository\org\apache\groovy\groovy-xml\4.0.16\groovy-xml-4.0.16.jar;C:\Users\amol.kumbhare\.m2\repository\org\apache\httpcomponents\httpmime\4.5.13\httpmime-4.5.13.jar;C:\Users\amol.kumbhare\.m2\repository\org\hamcrest\hamcrest\2.2\hamcrest-2.2.jar;C:\Users\amol.kumbhare\.m2\repository\org\ccil\cowan\tagsoup\tagsoup\1.2.1\tagsoup-1.2.1.jar;C:\Users\amol.kumbhare\.m2\repository\io\rest-assured\json-schema-validator\5.1.1\json-schema-validator-5.1.1.jar;C:\Users\amol.kumbhare\.m2\repository\com\github\java-json-tools\json-schema-validator\2.2.14\json-schema-validator-2.2.14.jar;C:\Users\amol.kumbhare\.m2\repository\com\github\java-json-tools\jackson-coreutils-equivalence\1.0\jackson-coreutils-equivalence-1.0.jar;C:\Users\amol.kumbhare\.m2\repository\com\github\java-json-tools\jackson-coreutils\2.0\jackson-coreutils-2.0.jar;C:\Users\amol.kumbhare\.m2\repository\com\github\java-json-tools\msg-simple\1.2\msg-simple-1.2.jar;C:\Users\amol.kumbhare\.m2\repository\com\github\java-json-tools\btf\1.3\btf-1.3.jar;C:\Users\amol.kumbhare\.m2\repository\com\github\java-json-tools\json-schema-core\1.2.14\json-schema-core-1.2.14.jar;C:\Users\amol.kumbhare\.m2\repository\com\github\java-json-tools\uri-template\0.10\uri-template-0.10.jar;C:\Users\amol.kumbhare\.m2\repository\org\mozilla\rhino\1.7.7.2\rhino-1.7.7.2.jar;C:\Users\amol.kumbhare\.m2\repository\com\sun\mail\mailapi\1.6.2\mailapi-1.6.2.jar;C:\Users\amol.kumbhare\.m2\repository\com\googlecode\libphonenumber\libphonenumber\8.11.1\libphonenumber-8.11.1.jar;C:\Users\amol.kumbhare\.m2\repository\net\sf\jopt-simple\jopt-simple\5.0.4\jopt-simple-5.0.4.jar;C:\Users\amol.kumbhare\.m2\repository\mysql\mysql-connector-java\8.0.17\mysql-connector-java-8.0.17.jar;C:\Users\amol.kumbhare\.m2\repository\com\google\protobuf\protobuf-java\3.6.1\protobuf-java-3.6.1.jar;C:\Users\amol.kumbhare\.m2\repository\com\zebrunner\carina-utils\1.2.6\carina-utils-1.2.6.jar;C:\Users\amol.kumbhare\.m2\repository\com\zebrunner\carina-crypto\1.0.1\carina-crypto-1.0.1.jar;C:\Users\amol.kumbhare\.m2\repository\commons-cli\commons-cli\1.5.0\commons-cli-1.5.0.jar;C:\Users\amol.kumbhare\.m2\repository\org\apache\commons\commons-lang3\3.12.0\commons-lang3-3.12.0.jar;C:\Users\amol.kumbhare\.m2\repository\net\java\dev\jna\jna\5.13.0\jna-5.13.0.jar;C:\Users\amol.kumbhare\.m2\repository\com\zebrunner\agent-testng\1.9.8\agent-testng-1.9.8.jar;C:\Users\amol.kumbhare\.m2\repository\com\zebrunner\agent-core\1.9.8\agent-core-1.9.8.jar;C:\Users\amol.kumbhare\.m2\repository\com\konghq\unirest-java\3.13.10\unirest-java-3.13.10.jar;C:\Users\amol.kumbhare\.m2\repository\org\apache\httpcomponents\httpcore-nio\4.4.13\httpcore-nio-4.4.13.jar;C:\Users\amol.kumbhare\.m2\repository\org\apache\httpcomponents\httpasyncclient\4.1.5\httpasyncclient-4.1.5.jar;C:\Users\amol.kumbhare\.m2\repository\com\zebrunner\carina-commons\1.0.2\carina-commons-1.0.2.jar;C:\Users\amol.kumbhare\.m2\repository\com\zebrunner\carina-webdriver\1.2.11\carina-webdriver-1.2.11.jar;C:\Users\amol.kumbhare\.m2\repository\com\zebrunner\agent-testng-pluggable\1.9.8\agent-testng-pluggable-1.9.8.jar;C:\Users\amol.kumbhare\.m2\repository\org\seleniumhq\selenium\selenium-support\4.13.0\selenium-support-4.13.0.jar;C:\Users\amol.kumbhare\.m2\repository\com\google\auto\service\auto-service-annotations\1.1.1\auto-service-annotations-1.1.1.jar;C:\Users\amol.kumbhare\.m2\repository\org\seleniumhq\selenium\selenium-json\4.13.0\selenium-json-4.13.0.jar;C:\Users\amol.kumbhare\.m2\repository\org\seleniumhq\selenium\selenium-api\4.13.0\selenium-api-4.13.0.jar;C:\Users\amol.kumbhare\.m2\repository\org\seleniumhq\selenium\selenium-remote-driver\4.13.0\selenium-remote-driver-4.13.0.jar;C:\Users\amol.kumbhare\.m2\repository\io\netty\netty-buffer\4.1.96.Final\netty-buffer-4.1.96.Final.jar;C:\Users\amol.kumbhare\.m2\repository\io\netty\netty-codec-http\4.1.96.Final\netty-codec-http-4.1.96.Final.jar;C:\Users\amol.kumbhare\.m2\repository\io\netty\netty-common\4.1.96.Final\netty-common-4.1.96.Final.jar;C:\Users\amol.kumbhare\.m2\repository\io\netty\netty-transport-classes-epoll\4.1.96.Final\netty-transport-classes-epoll-4.1.96.Final.jar;C:\Users\amol.kumbhare\.m2\repository\io\netty\netty-transport-classes-kqueue\4.1.96.Final\netty-transport-classes-kqueue-4.1.96.Final.jar;C:\Users\amol.kumbhare\.m2\repository\io\netty\netty-transport-native-epoll\4.1.96.Final\netty-transport-native-epoll-4.1.96.Final.jar;C:\Users\amol.kumbhare\.m2\repository\io\netty\netty-transport-native-kqueue\4.1.96.Final\netty-transport-native-kqueue-4.1.96.Final.jar;C:\Users\amol.kumbhare\.m2\repository\io\netty\netty-transport-native-unix-common\4.1.96.Final\netty-transport-native-unix-common-4.1.96.Final.jar;C:\Users\amol.kumbhare\.m2\repository\io\netty\netty-transport\4.1.96.Final\netty-transport-4.1.96.Final.jar;C:\Users\amol.kumbhare\.m2\repository\io\netty\netty-resolver\4.1.96.Final\netty-resolver-4.1.96.Final.jar;C:\Users\amol.kumbhare\.m2\repository\io\opentelemetry\opentelemetry-api\1.28.0\opentelemetry-api-1.28.0.jar;C:\Users\amol.kumbhare\.m2\repository\io\opentelemetry\opentelemetry-context\1.28.0\opentelemetry-context-1.28.0.jar;C:\Users\amol.kumbhare\.m2\repository\io\opentelemetry\opentelemetry-exporter-logging\1.28.0\opentelemetry-exporter-logging-1.28.0.jar;C:\Users\amol.kumbhare\.m2\repository\io\opentelemetry\opentelemetry-sdk-metrics\1.28.0\opentelemetry-sdk-metrics-1.28.0.jar;C:\Users\amol.kumbhare\.m2\repository\io\opentelemetry\opentelemetry-extension-incubator\1.28.0-alpha\opentelemetry-extension-incubator-1.28.0-alpha.jar;C:\Users\amol.kumbhare\.m2\repository\io\opentelemetry\opentelemetry-sdk-logs\1.28.0\opentelemetry-sdk-logs-1.28.0.jar;C:\Users\amol.kumbhare\.m2\repository\io\opentelemetry\opentelemetry-sdk-common\1.28.0\opentelemetry-sdk-common-1.28.0.jar;C:\Users\amol.kumbhare\.m2\repository\io\opentelemetry\opentelemetry-sdk-extension-autoconfigure-spi\1.28.0\opentelemetry-sdk-extension-autoconfigure-spi-1.28.0.jar;C:\Users\amol.kumbhare\.m2\repository\io\opentelemetry\opentelemetry-sdk-extension-autoconfigure\1.28.0\opentelemetry-sdk-extension-autoconfigure-1.28.0.jar;C:\Users\amol.kumbhare\.m2\repository\io\opentelemetry\opentelemetry-api-events\1.28.0-alpha\opentelemetry-api-events-1.28.0-alpha.jar;C:\Users\amol.kumbhare\.m2\repository\io\opentelemetry\opentelemetry-sdk-trace\1.28.0\opentelemetry-sdk-trace-1.28.0.jar;C:\Users\amol.kumbhare\.m2\repository\io\opentelemetry\opentelemetry-sdk\1.28.0\opentelemetry-sdk-1.28.0.jar;C:\Users\amol.kumbhare\.m2\repository\io\opentelemetry\opentelemetry-semconv\1.28.0-alpha\opentelemetry-semconv-1.28.0-alpha.jar;C:\Users\amol.kumbhare\.m2\repository\org\asynchttpclient\async-http-client\2.12.3\async-http-client-2.12.3.jar;C:\Users\amol.kumbhare\.m2\repository\org\asynchttpclient\async-http-client-netty-utils\2.12.3\async-http-client-netty-utils-2.12.3.jar;C:\Users\amol.kumbhare\.m2\repository\io\netty\netty-codec-socks\4.1.60.Final\netty-codec-socks-4.1.60.Final.jar;C:\Users\amol.kumbhare\.m2\repository\com\typesafe\netty\netty-reactive-streams\2.0.4\netty-reactive-streams-2.0.4.jar;C:\Users\amol.kumbhare\.m2\repository\com\sun\activation\jakarta.activation\1.2.2\jakarta.activation-1.2.2.jar;C:\Users\amol.kumbhare\.m2\repository\org\seleniumhq\selenium\selenium-http\4.13.0\selenium-http-4.13.0.jar;C:\Users\amol.kumbhare\.m2\repository\dev\failsafe\failsafe\3.3.2\failsafe-3.3.2.jar;C:\Users\amol.kumbhare\.m2\repository\org\seleniumhq\selenium\selenium-manager\4.13.0\selenium-manager-4.13.0.jar;C:\Users\amol.kumbhare\.m2\repository\org\seleniumhq\selenium\selenium-os\4.13.0\selenium-os-4.13.0.jar;C:\Users\amol.kumbhare\.m2\repository\org\apache\commons\commons-exec\1.3\commons-exec-1.3.jar;C:\Users\amol.kumbhare\.m2\repository\org\seleniumhq\selenium\selenium-firefox-driver\4.13.0\selenium-firefox-driver-4.13.0.jar;C:\Users\amol.kumbhare\.m2\repository\org\seleniumhq\selenium\selenium-devtools-v85\4.13.0\selenium-devtools-v85-4.13.0.jar;C:\Users\amol.kumbhare\.m2\repository\org\seleniumhq\selenium\selenium-chrome-driver\4.13.0\selenium-chrome-driver-4.13.0.jar;C:\Users\amol.kumbhare\.m2\repository\org\seleniumhq\selenium\selenium-chromium-driver\4.13.0\selenium-chromium-driver-4.13.0.jar;C:\Users\amol.kumbhare\.m2\repository\org\seleniumhq\selenium\selenium-edge-driver\4.13.0\selenium-edge-driver-4.13.0.jar;C:\Users\amol.kumbhare\.m2\repository\org\seleniumhq\selenium\selenium-ie-driver\4.13.0\selenium-ie-driver-4.13.0.jar;C:\Users\amol.kumbhare\.m2\repository\org\seleniumhq\selenium\selenium-safari-driver\4.13.0\selenium-safari-driver-4.13.0.jar;C:\Users\amol.kumbhare\.m2\repository\io\appium\java-client\8.6.0\java-client-8.6.0.jar;C:\Users\amol.kumbhare\.m2\repository\com\github\kklisura\cdt\cdt-java-client\4.0.0\cdt-java-client-4.0.0.jar;C:\Users\amol.kumbhare\.m2\repository\javax\websocket\javax.websocket-api\1.1\javax.websocket-api-1.1.jar;C:\Users\amol.kumbhare\.m2\repository\org\glassfish\tyrus\tyrus-container-grizzly-client\1.13.1\tyrus-container-grizzly-client-1.13.1.jar;C:\Users\amol.kumbhare\.m2\repository\org\glassfish\grizzly\grizzly-framework\2.3.25\grizzly-framework-2.3.25.jar;C:\Users\amol.kumbhare\.m2\repository\org\glassfish\grizzly\grizzly-http-server\2.3.25\grizzly-http-server-2.3.25.jar;C:\Users\amol.kumbhare\.m2\repository\org\glassfish\grizzly\grizzly-http\2.3.25\grizzly-http-2.3.25.jar;C:\Users\amol.kumbhare\.m2\repository\org\glassfish\tyrus\tyrus-client\1.13.1\tyrus-client-1.13.1.jar;C:\Users\amol.kumbhare\.m2\repository\org\glassfish\tyrus\tyrus-core\1.13.1\tyrus-core-1.13.1.jar;C:\Users\amol.kumbhare\.m2\repository\org\glassfish\tyrus\tyrus-spi\1.13.1\tyrus-spi-1.13.1.jar;C:\Users\amol.kumbhare\.m2\repository\org\apache\pdfbox\pdfbox\2.0.28\pdfbox-2.0.28.jar;C:\Users\amol.kumbhare\.m2\repository\org\apache\pdfbox\fontbox\2.0.28\fontbox-2.0.28.jar;C:\Users\amol.kumbhare\.m2\repository\ru\yandex\qatools\ashot\ashot\1.5.4\ashot-1.5.4.jar;C:\Users\amol.kumbhare\.m2\repository\joda-time\joda-time\2.9.9\joda-time-2.9.9.jar;C:\Users\amol.kumbhare\.m2\repository\com\itextpdf\itextpdf\5.5.13.3\itextpdf-5.5.13.3.jar;C:\Users\amol.kumbhare\.m2\repository\org\reflections\reflections\0.10.2\reflections-0.10.2.jar;C:\Users\amol.kumbhare\.m2\repository\com\sun\jersey\jersey-core\1.19.4\jersey-core-1.19.4.jar;C:\Users\amol.kumbhare\.m2\repository\javax\ws\rs\jsr311-api\1.1.1\jsr311-api-1.1.1.jar;C:\Users\amol.kumbhare\.m2\repository\commons-collections\commons-collections\3.2.2\commons-collections-3.2.2.jar;C:\Users\amol.kumbhare\.m2\repository\org\hamcrest\hamcrest-core\1.3\hamcrest-core-1.3.jar;C:\Users\amol.kumbhare\.m2\repository\org\hamcrest\hamcrest-all\1.3\hamcrest-all-1.3.jar;C:\Users\amol.kumbhare\.m2\repository\org\imgscalr\imgscalr-lib\4.2\imgscalr-lib-4.2.jar;C:\Users\amol.kumbhare\.m2\repository\log4j\log4j\1.2.17\log4j-1.2.17.jar;C:\Users\amol.kumbhare\.m2\repository\org\testng\testng\7.10.2\testng-7.10.2.jar;C:\Users\amol.kumbhare\.m2\repository\com\beust\jcommander\1.82\jcommander-1.82.jar;C:\Users\amol.kumbhare\.m2\repository\org\webjars\jquery\3.7.1\jquery-3.7.1.jar;C:\Users\amol.kumbhare\.m2\repository\com\qaprosoft\carina-commons\8.0.1\carina-commons-8.0.1.jar;C:\Users\amol.kumbhare\.m2\repository\io\rest-assured\json-path\5.4.0\json-path-5.4.0.jar;C:\Users\amol.kumbhare\.m2\repository\org\apache\groovy\groovy-json\4.0.16\groovy-json-4.0.16.jar;C:\Users\amol.kumbhare\.m2\repository\io\rest-assured\xml-path\5.4.0\xml-path-5.4.0.jar;C:\Users\amol.kumbhare\.m2\repository\io\rest-assured\rest-assured-common\5.4.0\rest-assured-common-5.4.0.jar;C:\Users\amol.kumbhare\.m2\repository\org\apache\logging\log4j\log4j-slf4j-impl\2.17.1\log4j-slf4j-impl-2.17.1.jar;C:\Users\amol.kumbhare\.m2\repository\com\nordstrom\tools\testng-foundation\2.0.1\testng-foundation-2.0.1.jar;C:\Users\amol.kumbhare\.m2\repository\com\nordstrom\tools\java-utils\1.9.3\java-utils-1.9.3.jar;C:\Users\amol.kumbhare\.m2\repository\com\nordstrom\tools\settings\2.3.3\settings-2.3.3.jar;C:\Users\amol.kumbhare\.m2\repository\commons-beanutils\commons-beanutils\1.9.4\commons-beanutils-1.9.4.jar;"/>
    <property name="sun.cpu.endian" value="little"/>
    <property name="user.home" value="C:\Users\amol.kumbhare"/>
    <property name="user.language" value="en"/>
    <property name="java.specification.vendor" value="Oracle Corporation"/>
    <property name="java.version.date" value="2023-09-19"/>
    <property name="java.home" value="C:\Program Files\Java\jdk-21"/>
    <property name="file.separator" value="\"/>
    <property name="basedir" value="C:\Users\amol.kumbhare\Downloads\CarinaFrameworkAzureLatest14May-main1\CarinaFrameworkAzureLatest14May-main1"/>
    <property name="java.vm.compressedOopsMode" value="Zero based"/>
    <property name="line.separator" value="&#10;"/>
    <property name="java.vm.specification.vendor" value="Oracle Corporation"/>
    <property name="java.specification.name" value="Java Platform API Specification"/>
    <property name="user.script" value=""/>
    <property name="sun.management.compiler" value="HotSpot 64-Bit Tiered Compilers"/>
    <property name="java.runtime.version" value="21+35-LTS-2513"/>
    <property name="user.name" value="Amol.Kumbhare"/>
    <property name="stdout.encoding" value="Cp1252"/>
    <property name="path.separator" value=";"/>
    <property name="os.version" value="10.0"/>
    <property name="java.runtime.name" value="Java(TM) SE Runtime Environment"/>
    <property name="file.encoding" value="UTF-8"/>
    <property name="java.vm.name" value="Java HotSpot(TM) 64-Bit Server VM"/>
    <property name="localRepository" value="C:\Users\amol.kumbhare\.m2\repository"/>
    <property name="java.vendor.url.bug" value="https://bugreport.java.com/bugreport/"/>
    <property name="java.io.tmpdir" value="C:\Users\AMOL~1.KUM\AppData\Local\Temp\"/>
    <property name="java.version" value="21"/>
    <property name="user.dir" value="C:\Users\amol.kumbhare\Downloads\CarinaFrameworkAzureLatest14May-main1\CarinaFrameworkAzureLatest14May-main1"/>
    <property name="os.arch" value="amd64"/>
    <property name="java.vm.specification.name" value="Java Virtual Machine Specification"/>
    <property name="sun.os.patch.level" value=""/>
    <property name="native.encoding" value="Cp1252"/>
    <property name="java.library.path" value="C:\Program Files\Java\jdk-21\bin;C:\Windows\Sun\Java\bin;C:\Windows\system32;C:\Windows;C:\Program Files\Common Files\Oracle\Java\javapath;C:\Program Files (x86)\Common Files\Oracle\Java\javapath;C:\Windows\system32;C:\Windows;C:\Windows\System32\Wbem;C:\Windows\System32\WindowsPowerShell\v1.0\;C:\Windows\System32\OpenSSH\;C:\Program Files\PuTTY\;C:\Program Files\Java\jdk-21\bin;C:\Users\amol.kumbhare\Downloads\apache-maven-3.9.4-bin\apache-maven-3.9.4\bin;C:\Program Files\Java\jdk-21\bin;C:\Program Files\Microsoft SQL Server\150\Tools\Binn\;C:\Program Files\Microsoft SQL Server\130\Tools\Binn\;C:\Program Files\Git\cmd;C:\Program Files\Docker\Docker\resources\bin;C:\Program Files\MySQL\MySQL Server 8.0\bin;C:\Users\amol.kumbhare\AppData\Local\Microsoft\WindowsApps;C:\Users\amol.kumbhare\AppData\Local\Programs\Git\cmd;C:\Users\amol.kumbhare\AppData\Local\Programs\Microsoft VS Code\bin;C:\Users\amol.kumbhare\AppData\Local\JetBrains\IntelliJ IDEA Community Edition 2024.1.1\bin;;."/>
    <property name="java.vm.info" value="mixed mode, sharing"/>
    <property name="stderr.encoding" value="Cp1252"/>
    <property name="java.vendor" value="Oracle Corporation"/>
    <property name="java.vm.version" value="21+35-LTS-2513"/>
    <property name="sun.io.unicode.encoding" value="UnicodeLittle"/>
    <property name="java.class.version" value="65.0"/>
  </properties>
  <testcase name="runScenario[&quot;Perform operations on API like GET,POST,PUT,PATCH,DELETE&quot;, &quot;Optional[Verify the get post in the API]&quot;](1)" classname="runnerClass.CucumberWebSampleTest" time="8.656">
    <system-out><![CDATA[2024-05-21 22:18:19 TestRunRegistrar [main] [WARN] Reporting disabled: using no op test run registrar

@SmokeTest
Scenario: Perform operations on API like GET,POST,PUT,PATCH,DELETE # src/test/resources/features/api_Test.feature:6
Commaon steps
  Given Get the API Base URI                                       # com.qapropsoft.carina.demo.APIBasicTest.get_the_api_base_uri()
Request method:	GET
Request URI:	https://petstore.swagger.io/v2/pet/findByStatus?status=pending
Proxy:			<none>
Request params:	<none>
Query params:	<none>
Form params:	<none>
Path params:	<none>
Headers:		accept=application/json
				Content-Type=application/json
Cookies:		<none>
Multiparts:		<none>
Body:			<none>
HTTP/1.1 200 OK
Date: Tue, 21 May 2024 16:48:42 GMT
Content-Type: application/json
Transfer-Encoding: chunked
Connection: keep-alive
Access-Control-Allow-Origin: *
Access-Control-Allow-Methods: GET, POST, DELETE, PUT
Access-Control-Allow-Headers: Content-Type, api_key, Authorization
Server: Jetty(9.2.9.v20150224)

[
    {
        "id": 37193747,
        "category": {
            "id": 41053860,
            "name": "adipisicing cillum culpa consequat aliqua"
        },
        "name": "doggie",
        "photoUrls": [
            "deserunt magna sit ullamco consequat",
            "ex pariatur commodo reprehenderit in"
        ],
        "tags": [
            {
                "id": 46959469,
                "name": "aliquip in reprehenderit fugiat"
            },
            {
                "id": -15442745,
                "name": "id d"
            }
        ],
        "status": "pending"
    },
    {
        "id": 82901748,
        "category": {
            "id": 7962040,
            "name": "culpa fugiat consequat"
        },
        "name": "doggie",
        "photoUrls": [
            "elit proident non",
            "Excepteur ex in incididunt enim"
        ],
        "tags": [
            {
                "id": -75108271,
                "name": "sit anim"
            },
            {
                "id": -85364496,
                "name": "ipsum"
            }
        ],
        "status": "pending"
    },
    {
        "id": 1313,
        "category": {
            "id": 101,
            "name": "testcategory"
        },
        "name": "getcat",
        "photoUrls": [
            "a.png",
            "b.png"
        ],
        "tags": [
            {
                "id": 102,
                "name": "testtag1"
            },
            {
                "id": 103,
                "name": "testtag2"
            }
        ],
        "status": "pending"
    },
    {
        "id": 12011993,
        "category": {
            "id": 1,
            "name": "cat"
        },
        "name": "Myrka",
        "photoUrls": [
            
        ],
        "tags": [
            
        ],
        "status": "pending"
    },
    {
        "id": 22801,
        "category": {
            "id": 0,
            "name": "string"
        },
        "name": "Labrador",
        "photoUrls": [
            "string"
        ],
        "tags": [
            {
                "id": 0,
                "name": "string"
            }
        ],
        "status": "pending"
    },
    {
        "id": 40634,
        "category": {
            "id": 0,
            "name": "string"
        },
        "name": "Labrador",
        "photoUrls": [
            "string"
        ],
        "tags": [
            {
                "id": 0,
                "name": "string"
            }
        ],
        "status": "pending"
    },
    {
        "id": 31662904,
        "category": {
            "id": -72976378,
            "name": "consequat commodo dolor"
        },
        "name": "doggie",
        "photoUrls": [
            "dolor",
            "aliquip"
        ],
        "tags": [
            {
                "id": -81536039,
                "name": "officia non exercitation laborum"
            },
            {
                "id": -81700539,
                "name": "sed quis"
            }
        ],
        "status": "pending"
    },
    {
        "id": 30357,
        "category": {
            "id": 0,
            "name": "string"
        },
        "name": "Labrador",
        "photoUrls": [
            "string"
        ],
        "tags": [
            {
                "id": 0,
                "name": "string"
            }
        ],
        "status": "pending"
    },
    {
        "id": 23614,
        "category": {
            "id": 0,
            "name": "string"
        },
        "name": "Labrador",
        "photoUrls": [
            "string"
        ],
        "tags": [
            {
                "id": 0,
                "name": "string"
            }
        ],
        "status": "pending"
    },
    {
        "id": 8031998,
        "category": {
            "id": 2,
            "name": "cat"
        },
        "name": "Marko",
        "photoUrls": [
            "string"
        ],
        "tags": [
            {
                "id": 0,
                "name": "string"
            }
        ],
        "status": "pending"
    },
    {
        "id": 12368964,
        "category": {
            "id": 0,
            "name": "hovrah"
        },
        "name": "hovrashok",
        "photoUrls": [
            "string"
        ],
        "tags": [
            {
                "id": 0,
                "name": "string"
            }
        ],
        "status": "pending"
    },
    {
        "id": 23434897889,
        "category": {
            "id": 0,
            "name": "hovrah"
        },
        "name": "!",
        "photoUrls": [
            "string"
        ],
        "tags": [
            {
                "id": 0,
                "name": "string"
            }
        ],
        "status": "pending"
    },
    {
        "id": 182,
        "category": {
            "id": 196,
            "name": "cat"
        },
        "name": "Amely",
        "photoUrls": [
            "http://placeimg.com/640/480/cats"
        ],
        "tags": [
            {
                "id": 931,
                "name": "BW"
            }
        ],
        "status": "pending"
    },
    {
        "id": 602,
        "name": "Amya",
        "photoUrls": [
            "http://placeimg.com/640/480/cats"
        ],
        "tags": [
            {
                "id": 392,
                "name": "BW"
            }
        ],
        "status": "pending"
    },
    {
        "id": 740,
        "category": {
            "id": 243,
            "name": "cat"
        },
        "name": "Dayton",
        "photoUrls": [
            "http://placeimg.com/640/480/cats"
        ],
        "tags": [
            {
                "id": 189,
                "name": "BW"
            }
        ],
        "status": "pending"
    },
    {
        "id": 496,
        "name": "Travis",
        "photoUrls": [
            "http://placeimg.com/640/480/cats"
        ],
        "tags": [
            {
                "id": 335,
                "name": "BW"
            }
        ],
        "status": "pending"
    }
]
1----------------------------------end
  Given Get call to url test the API                               # com.qapropsoft.carina.demo.APIBasicTest.get_call_to_https_reqres_in_api_users_page()
-------------Test 2 Post pet ------------
Request method:	POST
Request URI:	https://petstore.swagger.io/v2/pet
Proxy:			<none>
Request params:	<none>
Query params:	<none>
Form params:	<none>
Path params:	<none>
Headers:		accept=application/json
				Content-Type=application/json
Cookies:		<none>
Multiparts:		<none>
Body:
.\payload.json
HTTP/1.1 200 OK
Date: Tue, 21 May 2024 16:48:43 GMT
Content-Type: application/json
Transfer-Encoding: chunked
Connection: keep-alive
Access-Control-Allow-Origin: *
Access-Control-Allow-Methods: GET, POST, DELETE, PUT
Access-Control-Allow-Headers: Content-Type, api_key, Authorization
Server: Jetty(9.2.9.v20150224)

{
    "id": 9223372036854775807,
    "category": {
        "id": 0,
        "name": "string"
    },
    "name": "doggie",
    "photoUrls": [
        "string"
    ],
    "tags": [
        {
            "id": 0,
            "name": "string"
        }
    ],
    "status": "available"
}
9223372036854775807
2------------------------end
  When Response code is storing PostPet                            # com.qapropsoft.carina.demo.APIBasicTest.response_code_is()
-------------Test 3 put pet ------------
Request method:	PUT
Request URI:	https://petstore.swagger.io/v2/pet/
Proxy:			<none>
Request params:	<none>
Query params:	<none>
Form params:	<none>
Path params:	<none>
Headers:		accept=application/json
				Content-Type=application/json
Cookies:		<none>
Multiparts:		<none>
Body:
{
    "id": 9223372036854775807,
    "category": {
        "id": 0,
        "name": "updated string"
    },
    "name": "doggie name updated",
    "photoUrls": [
        "string"
    ],
    "tags": [
        {
            "id": 0,
            "name": "string updated"
        }
    ],
    "status": "sold"
}
HTTP/1.1 200 OK
Date: Tue, 21 May 2024 16:48:45 GMT
Content-Type: application/json
Transfer-Encoding: chunked
Connection: keep-alive
Access-Control-Allow-Origin: *
Access-Control-Allow-Methods: GET, POST, DELETE, PUT
Access-Control-Allow-Headers: Content-Type, api_key, Authorization
Server: Jetty(9.2.9.v20150224)

{
    "id": 9223372036854775807,
    "category": {
        "id": 0,
        "name": "updated string"
    },
    "name": "doggie name updated",
    "photoUrls": [
        "string"
    ],
    "tags": [
        {
            "id": 0,
            "name": "string updated"
        }
    ],
    "status": "sold"
}
3rd -------------------------end
  And Update pet details PutPet                                    # com.qapropsoft.carina.demo.APIBasicTest.update_pet_details_put_pet()
----------postUpdate---------
Request method:	POST
Request URI:	https://petstore.swagger.io/v2/pet/9223372036854775807
Proxy:			<none>
Request params:	<none>
Query params:	<none>
Form params:	name=DogUpdated
				status=sold
Path params:	<none>
Headers:		accept=application/json
				Content-Type=application/x-www-form-urlencoded; charset=ISO-8859-1
Cookies:		<none>
Multiparts:		<none>
Body:			<none>
HTTP/1.1 200 OK
Date: Tue, 21 May 2024 16:48:46 GMT
Content-Type: application/json
Transfer-Encoding: chunked
Connection: keep-alive
Access-Control-Allow-Origin: *
Access-Control-Allow-Methods: GET, POST, DELETE, PUT
Access-Control-Allow-Headers: Content-Type, api_key, Authorization
Server: Jetty(9.2.9.v20150224)

{
    "code": 200,
    "type": "unknown",
    "message": "9223372036854775807"
}
4th -------------------end
  And Update pet details PostUpdate                                # com.qapropsoft.carina.demo.APIBasicTest.update_pet_details_post_update()
---------Delete---------------
Request method:	DELETE
Request URI:	https://petstore.swagger.io/v2/pet/9223372036854775807
Proxy:			<none>
Request params:	<none>
Query params:	<none>
Form params:	<none>
Path params:	<none>
Headers:		accept=application/json
				Content-Type=application/json
Cookies:		<none>
Multiparts:		<none>
Body:			<none>
HTTP/1.1 200 OK
Date: Tue, 21 May 2024 16:48:47 GMT
Content-Type: application/json
Transfer-Encoding: chunked
Connection: keep-alive
Access-Control-Allow-Origin: *
Access-Control-Allow-Methods: GET, POST, DELETE, PUT
Access-Control-Allow-Headers: Content-Type, api_key, Authorization
Server: Jetty(9.2.9.v20150224)

{
    "code": 200,
    "type": "unknown",
    "message": "9223372036854775807"
}
5th ---------------------end
  Then Delete the pet DeletePet                                    # com.qapropsoft.carina.demo.APIBasicTest.delete_the_pet_delete_pet()
2024-05-21 22:18:28 TestRunRegistrar [TestNG-test-Carina Framework Tests-1] [WARN] Reporting disabled: using no op test run registrar
]]></system-out>
    <system-err><![CDATA[log4j:WARN No appenders could be found for logger (org.apache.http.impl.conn.BasicClientConnectionManager).
log4j:WARN Please initialize the log4j system properly.
log4j:WARN See http://logging.apache.org/log4j/1.2/faq.html#noconfig for more info.
]]></system-err>
  </testcase>
  <testcase name="runScenario[&quot;I want to verify that the user is created in MySQL&quot;, &quot;Optional[DB Test]&quot;](2)" classname="runnerClass.CucumberWebSampleTest" time="0.499">
    <system-out><![CDATA[
@SanityTest
Scenario: I want to verify that the user is created in MySQL # src/test/resources/features/db_test.feature:3
Start1--------------
The DB is Connected
  Given Database is connected                                # com.qapropsoft.carina.demo.DBTestStep.database_is_connected()
Start2--------------
The Query is Executed
  When I run the query                                       # com.qapropsoft.carina.demo.DBTestStep.i_run_the_query()
Start3--------------
The Result is returned
  Then I should see the user created                         # com.qapropsoft.carina.demo.DBTestStep.i_should_see_the_user_created()
Start4--------------
  Then I should see the customer account deleted             # com.qapropsoft.carina.demo.DBTestStep.i_should_see_the_customer_account_deleted()
Start5--------------
  Then I should see the customer details updated             # com.qapropsoft.carina.demo.DBTestStep.i_should_see_the_customer_details_updated()
2024-05-21 22:18:29 TestRunRegistrar [TestNG-test-Carina Framework Tests-1-34] [WARN] Reporting disabled: using no op test run registrar
]]></system-out>
    <system-err><![CDATA[Loading class `com.mysql.jdbc.Driver'. This is deprecated. The new driver class is `com.mysql.cj.jdbc.Driver'. The driver is automatically registered via the SPI and manual loading of the driver class is generally unnecessary.
]]></system-err>
  </testcase>
</testsuite>