<?xml version="1.0" encoding="UTF-8"?>
<!-- Generated by org.testng.reporters.JUnitReportReporter -->
<testsuite hostname="PT076LT" failures="0" tests="2" name="runnerClass.CucumberWebSampleTest" time="9.247" errors="0" timestamp="2024-05-22T01:30:23 IST" skipped="0">
  <testcase classname="runnerClass.CucumberWebSampleTest" name="runScenario" time="8.656"/>
  <system-out/>
  <testcase classname="runnerClass.CucumberWebSampleTest" name="runScenario" time="0.591"/>
  <system-out/>
</testsuite> <!-- runnerClass.CucumberWebSampleTest -->
