<?xml version="1.0" encoding="UTF-8"?>
<!-- Generated by org.testng.reporters.JUnitReportReporter -->
<testsuite hostname="PT076LT" failures="0" tests="2" name="runnerClass.CucumberWebSampleTest" time="9.140" errors="0" timestamp="2024-05-21T22:18:29 IST" skipped="0">
  <testcase classname="runnerClass.CucumberWebSampleTest" name="runScenario" time="8.640"/>
  <testcase classname="runnerClass.CucumberWebSampleTest" name="runScenario" time="0.500"/>
</testsuite> <!-- runnerClass.CucumberWebSampleTest -->
